03/13/2020 07:49:29 PM 
------------ Options -------------
data-dir: ../../datasets/CASIA-WebFace
batch_size: 200
epochs: 3
training_name: test
Opt: 1
Opt_level: O2
Cropping: 0
-------------- End ---------------
03/13/2020 07:49:35 PM Initial
03/13/2020 07:49:36 PM Valid |     1/419  | loss:    9.8026 | fps:  100.7691 | acc:    0.0000   
03/13/2020 07:49:36 PM Valid |     2/419  | loss:    9.8099 | fps: 2127.9863 | acc:    0.0000   
03/13/2020 07:49:36 PM Valid |     3/419  | loss:    9.8375 | fps: 2399.6917 | acc:    0.0000   
03/13/2020 07:49:36 PM Valid |     4/419  | loss:    9.8439 | fps: 2462.5457 | acc:    0.0000   
03/13/2020 07:49:36 PM Valid |     5/419  | loss:    9.8446 | fps: 2523.8296 | acc:    0.0000   
03/13/2020 07:49:36 PM Valid |     6/419  | loss:    9.8619 | fps: 2576.7612 | acc:    0.0000   
03/13/2020 07:49:36 PM Valid |     7/419  | loss:    9.8622 | fps: 2664.7305 | acc:    0.0000   
03/13/2020 07:49:36 PM Valid |     8/419  | loss:    9.8642 | fps: 2704.5417 | acc:    0.0000   
03/13/2020 07:49:36 PM Valid |     9/419  | loss:    9.8681 | fps: 2705.3728 | acc:    0.0000   
03/13/2020 07:49:36 PM Valid |    10/419  | loss:    9.8716 | fps: 2745.4478 | acc:    0.0000   
03/13/2020 07:49:36 PM Valid |    11/419  | loss:    9.8716 | fps: 2756.3518 | acc:    0.0000   
03/13/2020 07:49:36 PM Valid |    12/419  | loss:    9.8724 | fps: 2756.8945 | acc:    0.0000   
03/13/2020 07:49:37 PM Valid |    13/419  | loss:    9.8767 | fps: 2787.8179 | acc:    0.0000   
03/13/2020 07:49:37 PM Valid |    14/419  | loss:    9.8769 | fps: 2794.7434 | acc:    0.0000   
03/13/2020 07:49:37 PM Valid |    15/419  | loss:    9.8769 | fps: 2803.9146 | acc:    0.0000   
03/13/2020 07:49:37 PM Valid |    16/419  | loss:    9.8746 | fps: 2805.0654 | acc:    0.0000   
03/13/2020 07:49:37 PM Valid |    17/419  | loss:    9.8759 | fps: 2805.7988 | acc:    0.0000   
03/13/2020 07:49:37 PM Valid |    18/419  | loss:    9.8745 | fps: 2818.7898 | acc:    0.0000   
03/13/2020 07:49:37 PM Valid |    19/419  | loss:    9.8707 | fps: 2817.7124 | acc:    0.0000   
03/13/2020 07:49:37 PM Valid |    20/419  | loss:    9.8670 | fps: 2828.9656 | acc:    0.0000   
03/13/2020 07:49:37 PM Valid |    21/419  | loss:    9.8643 | fps: 2826.6421 | acc:    0.0000   
03/13/2020 07:49:37 PM Valid |    22/419  | loss:    9.8617 | fps: 2825.4358 | acc:    0.0000   
03/13/2020 07:49:37 PM Valid |    23/419  | loss:    9.8579 | fps: 2825.7432 | acc:    0.0000   
03/13/2020 07:49:37 PM Valid |    24/419  | loss:    9.8586 | fps: 2833.9121 | acc:    0.0000   
03/13/2020 07:49:37 PM Valid |    25/419  | loss:    9.8566 | fps: 2835.9065 | acc:    0.0000   
03/13/2020 07:49:37 PM Valid |    26/419  | loss:    9.8567 | fps: 2838.4932 | acc:    0.0000   
03/13/2020 07:49:38 PM Valid |    27/419  | loss:    9.8585 | fps: 2846.0010 | acc:    0.0000   
03/13/2020 07:49:38 PM Valid |    28/419  | loss:    9.8609 | fps: 2852.5151 | acc:    0.0000   
03/13/2020 07:49:38 PM Valid |    29/419  | loss:    9.8612 | fps: 2859.2808 | acc:    0.0000   
03/13/2020 07:49:38 PM Valid |    30/419  | loss:    9.8602 | fps: 2859.7886 | acc:    0.0000   
03/13/2020 07:49:38 PM Valid |    31/419  | loss:    9.8593 | fps: 2859.3938 | acc:    0.0000   
03/13/2020 07:49:38 PM Valid |    32/419  | loss:    9.8604 | fps: 2863.1426 | acc:    0.0000   
03/13/2020 07:49:38 PM Valid |    33/419  | loss:    9.8596 | fps: 2865.2805 | acc:    0.0000   
03/13/2020 07:49:38 PM Valid |    34/419  | loss:    9.8583 | fps: 2865.9419 | acc:    0.0000   
03/13/2020 07:49:38 PM Valid |    35/419  | loss:    9.8569 | fps: 2866.6226 | acc:    0.0000   
03/13/2020 07:49:38 PM Valid |    36/419  | loss:    9.8566 | fps: 2869.6738 | acc:    0.0000   
03/13/2020 07:49:38 PM Valid |    37/419  | loss:    9.8579 | fps: 2875.8782 | acc:    0.0000   
03/13/2020 07:49:38 PM Valid |    38/419  | loss:    9.8591 | fps: 2877.5732 | acc:    0.0000   
03/13/2020 07:49:38 PM Valid |    39/419  | loss:    9.8598 | fps: 2880.6021 | acc:    0.0000   
03/13/2020 07:49:38 PM Valid |    40/419  | loss:    9.8581 | fps: 2872.4204 | acc:    0.0000   
03/13/2020 07:49:38 PM Valid |    41/419  | loss:    9.8578 | fps: 2883.3403 | acc:    0.0000   
03/13/2020 07:49:39 PM Valid |    42/419  | loss:    9.8582 | fps: 2884.1292 | acc:    0.0000   
03/13/2020 07:49:39 PM Valid |    43/419  | loss:    9.8595 | fps: 2887.2661 | acc:    0.0000   
03/13/2020 07:49:39 PM Valid |    44/419  | loss:    9.8590 | fps: 2887.9963 | acc:    0.0000   
03/13/2020 07:49:39 PM Valid |    45/419  | loss:    9.8585 | fps: 2884.5986 | acc:    0.0000   
03/13/2020 07:49:39 PM Valid |    46/419  | loss:    9.8594 | fps: 2889.1477 | acc:    0.0000   
03/13/2020 07:49:39 PM Valid |    47/419  | loss:    9.8599 | fps: 2893.2554 | acc:    0.0000   
03/13/2020 07:49:39 PM Valid |    48/419  | loss:    9.8597 | fps: 2894.2375 | acc:    0.0000   
03/13/2020 07:49:39 PM Valid |    49/419  | loss:    9.8602 | fps: 2894.0632 | acc:    0.0000   
03/13/2020 07:49:39 PM Valid |    50/419  | loss:    9.8603 | fps: 2892.5649 | acc:    0.0000   
03/13/2020 07:49:39 PM Valid |    51/419  | loss:    9.8612 | fps: 2894.2717 | acc:    0.0000   
03/13/2020 07:49:39 PM Valid |    52/419  | loss:    9.8621 | fps: 2894.7170 | acc:    0.0000   
03/13/2020 07:49:39 PM Valid |    53/419  | loss:    9.8622 | fps: 2897.4109 | acc:    0.0000   
03/13/2020 07:49:39 PM Valid |    54/419  | loss:    9.8629 | fps: 2898.9436 | acc:    0.0000   
03/13/2020 07:49:39 PM Valid |    55/419  | loss:    9.8637 | fps: 2900.9998 | acc:    0.0000   
03/13/2020 07:49:39 PM Valid |    56/419  | loss:    9.8642 | fps: 2901.7185 | acc:    0.0000   
03/13/2020 07:49:40 PM Valid |    57/419  | loss:    9.8646 | fps: 2903.0491 | acc:    0.0000   
03/13/2020 07:49:40 PM Valid |    58/419  | loss:    9.8633 | fps: 2903.8494 | acc:    0.0000   
03/13/2020 07:49:40 PM Valid |    59/419  | loss:    9.8629 | fps: 2905.1030 | acc:    0.0000   
03/13/2020 07:49:40 PM Valid |    60/419  | loss:    9.8620 | fps: 2902.7788 | acc:    0.0000   
03/13/2020 07:49:40 PM Valid |    61/419  | loss:    9.8616 | fps: 2906.1489 | acc:    0.0000   
03/13/2020 07:49:40 PM Valid |    62/419  | loss:    9.8609 | fps: 2905.0454 | acc:    0.0000   
03/13/2020 07:49:40 PM Valid |    63/419  | loss:    9.8607 | fps: 2906.3074 | acc:    0.0000   
03/13/2020 07:49:40 PM Valid |    64/419  | loss:    9.8610 | fps: 2905.7134 | acc:    0.0000   
03/13/2020 07:49:40 PM Valid |    65/419  | loss:    9.8606 | fps: 2909.1396 | acc:    0.0000   
03/13/2020 07:49:40 PM Valid |    66/419  | loss:    9.8615 | fps: 2910.5352 | acc:    0.0000   
03/13/2020 07:49:40 PM Valid |    67/419  | loss:    9.8635 | fps: 2910.9995 | acc:    0.0000   
03/13/2020 07:49:40 PM Valid |    68/419  | loss:    9.8619 | fps: 2910.4888 | acc:    0.0000   
03/13/2020 07:49:40 PM Valid |    69/419  | loss:    9.8612 | fps: 2912.2415 | acc:    0.0000   
03/13/2020 07:49:40 PM Valid |    70/419  | loss:    9.8603 | fps: 2912.7515 | acc:    0.0000   
03/13/2020 07:49:40 PM Valid |    71/419  | loss:    9.8609 | fps: 2913.3201 | acc:    0.0000   
03/13/2020 07:49:41 PM Valid |    72/419  | loss:    9.8619 | fps: 2915.1177 | acc:    0.0000   
03/13/2020 07:49:41 PM Valid |    73/419  | loss:    9.8622 | fps: 2916.4597 | acc:    0.0000   
03/13/2020 07:49:41 PM Valid |    74/419  | loss:    9.8617 | fps: 2917.6416 | acc:    0.0000   
03/13/2020 07:49:41 PM Valid |    75/419  | loss:    9.8620 | fps: 2916.0330 | acc:    0.0000   
03/13/2020 07:49:41 PM Valid |    76/419  | loss:    9.8627 | fps: 2919.0388 | acc:    0.0000   
03/13/2020 07:49:41 PM Valid |    77/419  | loss:    9.8624 | fps: 2919.0356 | acc:    0.0000   
03/13/2020 07:49:41 PM Valid |    78/419  | loss:    9.8630 | fps: 2918.8274 | acc:    0.0000   
03/13/2020 07:49:41 PM Valid |    79/419  | loss:    9.8632 | fps: 2921.0652 | acc:    0.0000   
03/13/2020 07:49:41 PM Valid |    80/419  | loss:    9.8631 | fps: 2919.6597 | acc:    0.0000   
03/13/2020 07:49:41 PM Valid |    81/419  | loss:    9.8631 | fps: 2920.9705 | acc:    0.0000   
03/13/2020 07:49:41 PM Valid |    82/419  | loss:    9.8627 | fps: 2922.1543 | acc:    0.0000   
03/13/2020 07:49:41 PM Valid |    83/419  | loss:    9.8629 | fps: 2922.0925 | acc:    0.0000   
03/13/2020 07:49:41 PM Valid |    84/419  | loss:    9.8632 | fps: 2921.0852 | acc:    0.0000   
03/13/2020 07:49:41 PM Valid |    85/419  | loss:    9.8629 | fps: 2921.9089 | acc:    0.0000   
03/13/2020 07:49:42 PM Valid |    86/419  | loss:    9.8633 | fps: 2922.4646 | acc:    0.0000   
03/13/2020 07:49:42 PM Valid |    87/419  | loss:    9.8634 | fps: 2922.9617 | acc:    0.0000   
03/13/2020 07:49:42 PM Valid |    88/419  | loss:    9.8630 | fps: 2923.5466 | acc:    0.0000   
03/13/2020 07:49:42 PM Valid |    89/419  | loss:    9.8630 | fps: 2923.9783 | acc:    0.0000   
03/13/2020 07:49:42 PM Valid |    90/419  | loss:    9.8634 | fps: 2923.8906 | acc:    0.0000   
03/13/2020 07:49:42 PM Valid |    91/419  | loss:    9.8629 | fps: 2924.9365 | acc:    0.0000   
03/13/2020 07:49:42 PM Valid |    92/419  | loss:    9.8626 | fps: 2923.5449 | acc:    0.0000   
03/13/2020 07:49:42 PM Valid |    93/419  | loss:    9.8627 | fps: 2924.7910 | acc:    0.0000   
03/13/2020 07:49:42 PM Valid |    94/419  | loss:    9.8626 | fps: 2925.4575 | acc:    0.0000   
03/13/2020 07:49:42 PM Valid |    95/419  | loss:    9.8626 | fps: 2926.5884 | acc:    0.0000   
03/13/2020 07:49:42 PM Valid |    96/419  | loss:    9.8626 | fps: 2926.5479 | acc:    0.0000   
03/13/2020 07:49:42 PM Valid |    97/419  | loss:    9.8625 | fps: 2927.1411 | acc:    0.0000   
03/13/2020 07:49:42 PM Valid |    98/419  | loss:    9.8630 | fps: 2926.4041 | acc:    0.0000   
03/13/2020 07:49:42 PM Valid |    99/419  | loss:    9.8631 | fps: 2925.9846 | acc:    0.0000   
03/13/2020 07:49:42 PM Valid |   100/419  | loss:    9.8626 | fps: 2925.4719 | acc:    0.0000   
03/13/2020 07:49:43 PM Valid |   101/419  | loss:    9.8627 | fps: 2926.8879 | acc:    0.0000   
03/13/2020 07:49:43 PM Valid |   102/419  | loss:    9.8629 | fps: 2927.1619 | acc:    0.0000   
03/13/2020 07:49:43 PM Valid |   103/419  | loss:    9.8631 | fps: 2928.4365 | acc:    0.0000   
03/13/2020 07:49:43 PM Valid |   104/419  | loss:    9.8633 | fps: 2927.8281 | acc:    0.0000   
03/13/2020 07:49:43 PM Valid |   105/419  | loss:    9.8641 | fps: 2928.9077 | acc:    0.0000   
03/13/2020 07:49:43 PM Valid |   106/419  | loss:    9.8635 | fps: 2929.7498 | acc:    0.0000   
03/13/2020 07:49:43 PM Valid |   107/419  | loss:    9.8634 | fps: 2930.7397 | acc:    0.0000   
03/13/2020 07:49:43 PM Valid |   108/419  | loss:    9.8636 | fps: 2930.5686 | acc:    0.0000   
03/13/2020 07:49:43 PM Valid |   109/419  | loss:    9.8635 | fps: 2930.8806 | acc:    0.0000   
03/13/2020 07:49:43 PM Valid |   110/419  | loss:    9.8639 | fps: 2931.6326 | acc:    0.0000   
03/13/2020 07:49:43 PM Valid |   111/419  | loss:    9.8636 | fps: 2932.9629 | acc:    0.0000   
03/13/2020 07:49:43 PM Valid |   112/419  | loss:    9.8637 | fps: 2932.5156 | acc:    0.0000   
03/13/2020 07:49:43 PM Valid |   113/419  | loss:    9.8635 | fps: 2933.6208 | acc:    0.0000   
03/13/2020 07:49:43 PM Valid |   114/419  | loss:    9.8635 | fps: 2931.9883 | acc:    0.0000   
03/13/2020 07:49:43 PM Valid |   115/419  | loss:    9.8632 | fps: 2932.7144 | acc:    0.0000   
03/13/2020 07:49:44 PM Valid |   116/419  | loss:    9.8629 | fps: 2931.8560 | acc:    0.0000   
03/13/2020 07:49:44 PM Valid |   117/419  | loss:    9.8631 | fps: 2930.1316 | acc:    0.0000   
03/13/2020 07:49:44 PM Valid |   118/419  | loss:    9.8629 | fps: 2933.5603 | acc:    0.0000   
03/13/2020 07:49:44 PM Valid |   119/419  | loss:    9.8633 | fps: 2931.9932 | acc:    0.0000   
03/13/2020 07:49:44 PM Valid |   120/419  | loss:    9.8638 | fps: 2935.3364 | acc:    0.0000   
03/13/2020 07:49:44 PM Valid |   121/419  | loss:    9.8632 | fps: 2934.5449 | acc:    0.0000   
03/13/2020 07:49:44 PM Valid |   122/419  | loss:    9.8634 | fps: 2934.4321 | acc:    0.0000   
03/13/2020 07:49:44 PM Valid |   123/419  | loss:    9.8632 | fps: 2935.9763 | acc:    0.0000   
03/13/2020 07:49:44 PM Valid |   124/419  | loss:    9.8626 | fps: 2935.0383 | acc:    0.0000   
03/13/2020 07:49:44 PM Valid |   125/419  | loss:    9.8626 | fps: 2934.8110 | acc:    0.0000   
03/13/2020 07:49:44 PM Valid |   126/419  | loss:    9.8626 | fps: 2934.4971 | acc:    0.0000   
03/13/2020 07:49:44 PM Valid |   127/419  | loss:    9.8625 | fps: 2932.8066 | acc:    0.0000   
03/13/2020 07:49:44 PM Valid |   128/419  | loss:    9.8621 | fps: 2934.3469 | acc:    0.0000   
03/13/2020 07:49:44 PM Valid |   129/419  | loss:    9.8617 | fps: 2934.1492 | acc:    0.0000   
03/13/2020 07:49:44 PM Valid |   130/419  | loss:    9.8613 | fps: 2932.5759 | acc:    0.0000   
03/13/2020 07:49:45 PM Valid |   131/419  | loss:    9.8612 | fps: 2935.3315 | acc:    0.0000   
03/13/2020 07:49:45 PM Valid |   132/419  | loss:    9.8612 | fps: 2934.4395 | acc:    0.0000   
03/13/2020 07:49:45 PM Valid |   133/419  | loss:    9.8606 | fps: 2935.0396 | acc:    0.0000   
03/13/2020 07:49:45 PM Valid |   134/419  | loss:    9.8607 | fps: 2935.4341 | acc:    0.0000   
03/13/2020 07:49:45 PM Valid |   135/419  | loss:    9.8613 | fps: 2936.7683 | acc:    0.0000   
03/13/2020 07:49:45 PM Valid |   136/419  | loss:    9.8613 | fps: 2936.2317 | acc:    0.0000   
03/13/2020 07:49:45 PM Valid |   137/419  | loss:    9.8611 | fps: 2936.2825 | acc:    0.0000   
03/13/2020 07:49:45 PM Valid |   138/419  | loss:    9.8610 | fps: 2935.7263 | acc:    0.0000   
03/13/2020 07:49:45 PM Valid |   139/419  | loss:    9.8614 | fps: 2935.7754 | acc:    0.0000   
03/13/2020 07:49:45 PM Valid |   140/419  | loss:    9.8615 | fps: 2936.7380 | acc:    0.0000   
03/13/2020 07:49:45 PM Valid |   141/419  | loss:    9.8615 | fps: 2935.8293 | acc:    0.0000   
03/13/2020 07:49:45 PM Valid |   142/419  | loss:    9.8616 | fps: 2938.3555 | acc:    0.0000   
03/13/2020 07:49:45 PM Valid |   143/419  | loss:    9.8613 | fps: 2938.8240 | acc:    0.0000   
03/13/2020 07:49:45 PM Valid |   144/419  | loss:    9.8609 | fps: 2937.5747 | acc:    0.0000   
03/13/2020 07:49:45 PM Valid |   145/419  | loss:    9.8607 | fps: 2939.8240 | acc:    0.0000   
03/13/2020 07:49:46 PM Valid |   146/419  | loss:    9.8606 | fps: 2939.5869 | acc:    0.0000   
03/13/2020 07:49:46 PM Valid |   147/419  | loss:    9.8601 | fps: 2939.4539 | acc:    0.0000   
03/13/2020 07:49:46 PM Valid |   148/419  | loss:    9.8599 | fps: 2938.8452 | acc:    0.0000   
03/13/2020 07:49:46 PM Valid |   149/419  | loss:    9.8598 | fps: 2937.2598 | acc:    0.0000   
03/13/2020 07:49:46 PM Valid |   150/419  | loss:    9.8599 | fps: 2939.5256 | acc:    0.0000   
03/13/2020 07:49:46 PM Valid |   151/419  | loss:    9.8595 | fps: 2939.8679 | acc:    0.0000   
03/13/2020 07:49:46 PM Valid |   152/419  | loss:    9.8594 | fps: 2940.3218 | acc:    0.0000   
03/13/2020 07:49:46 PM Valid |   153/419  | loss:    9.8593 | fps: 2937.6360 | acc:    0.0000   
03/13/2020 07:49:46 PM Valid |   154/419  | loss:    9.8591 | fps: 2941.2805 | acc:    0.0000   
03/13/2020 07:49:46 PM Valid |   155/419  | loss:    9.8592 | fps: 2940.7712 | acc:    0.0000   
03/13/2020 07:49:46 PM Valid |   156/419  | loss:    9.8592 | fps: 2940.7629 | acc:    0.0000   
03/13/2020 07:49:46 PM Valid |   157/419  | loss:    9.8593 | fps: 2941.1631 | acc:    0.0000   
03/13/2020 07:49:46 PM Valid |   158/419  | loss:    9.8592 | fps: 2941.3894 | acc:    0.0000   
03/13/2020 07:49:46 PM Valid |   159/419  | loss:    9.8595 | fps: 2941.9998 | acc:    0.0000   
03/13/2020 07:49:47 PM Valid |   160/419  | loss:    9.8594 | fps: 2941.6062 | acc:    0.0000   
03/13/2020 07:49:47 PM Valid |   161/419  | loss:    9.8597 | fps: 2941.7122 | acc:    0.0000   
03/13/2020 07:49:47 PM Valid |   162/419  | loss:    9.8599 | fps: 2941.9578 | acc:    0.0000   
03/13/2020 07:49:47 PM Valid |   163/419  | loss:    9.8602 | fps: 2942.2297 | acc:    0.0000   
03/13/2020 07:49:47 PM Valid |   164/419  | loss:    9.8601 | fps: 2941.6472 | acc:    0.0000   
03/13/2020 07:49:47 PM Valid |   165/419  | loss:    9.8598 | fps: 2941.5950 | acc:    0.0000   
03/13/2020 07:49:47 PM Valid |   166/419  | loss:    9.8597 | fps: 2942.1165 | acc:    0.0000   
03/13/2020 07:49:47 PM Valid |   167/419  | loss:    9.8598 | fps: 2942.7104 | acc:    0.0000   
03/13/2020 07:49:47 PM Valid |   168/419  | loss:    9.8596 | fps: 2942.9465 | acc:    0.0000   
03/13/2020 07:49:47 PM Valid |   169/419  | loss:    9.8596 | fps: 2943.4492 | acc:    0.0000   
03/13/2020 07:49:47 PM Valid |   170/419  | loss:    9.8598 | fps: 2943.8718 | acc:    0.0000   
03/13/2020 07:49:47 PM Valid |   171/419  | loss:    9.8597 | fps: 2944.1555 | acc:    0.0000   
03/13/2020 07:49:47 PM Valid |   172/419  | loss:    9.8600 | fps: 2942.8938 | acc:    0.0000   
03/13/2020 07:49:47 PM Valid |   173/419  | loss:    9.8600 | fps: 2943.5371 | acc:    0.0000   
03/13/2020 07:49:47 PM Valid |   174/419  | loss:    9.8600 | fps: 2943.4832 | acc:    0.0000   
03/13/2020 07:49:48 PM Valid |   175/419  | loss:    9.8597 | fps: 2943.8269 | acc:    0.0000   
03/13/2020 07:49:48 PM Valid |   176/419  | loss:    9.8600 | fps: 2943.7188 | acc:    0.0000   
03/13/2020 07:49:48 PM Valid |   177/419  | loss:    9.8597 | fps: 2944.1660 | acc:    0.0000   
03/13/2020 07:49:48 PM Valid |   178/419  | loss:    9.8596 | fps: 2944.9163 | acc:    0.0000   
03/13/2020 07:49:48 PM Valid |   179/419  | loss:    9.8597 | fps: 2945.2710 | acc:    0.0000   
03/13/2020 07:49:48 PM Valid |   180/419  | loss:    9.8596 | fps: 2944.5737 | acc:    0.0000   
03/13/2020 07:49:48 PM Valid |   181/419  | loss:    9.8594 | fps: 2944.9167 | acc:    0.0000   
03/13/2020 07:49:48 PM Valid |   182/419  | loss:    9.8593 | fps: 2945.0686 | acc:    0.0000   
03/13/2020 07:49:48 PM Valid |   183/419  | loss:    9.8594 | fps: 2945.0156 | acc:    0.0000   
03/13/2020 07:49:48 PM Valid |   184/419  | loss:    9.8590 | fps: 2945.2854 | acc:    0.0000   
03/13/2020 07:49:48 PM Valid |   185/419  | loss:    9.8593 | fps: 2945.6533 | acc:    0.0000   
03/13/2020 07:49:48 PM Valid |   186/419  | loss:    9.8589 | fps: 2946.1958 | acc:    0.0000   
03/13/2020 07:49:48 PM Valid |   187/419  | loss:    9.8591 | fps: 2946.5786 | acc:    0.0000   
03/13/2020 07:49:48 PM Valid |   188/419  | loss:    9.8592 | fps: 2946.2830 | acc:    0.0000   
03/13/2020 07:49:48 PM Valid |   189/419  | loss:    9.8588 | fps: 2946.3491 | acc:    0.0000   
03/13/2020 07:49:49 PM Valid |   190/419  | loss:    9.8584 | fps: 2945.8250 | acc:    0.0000   
03/13/2020 07:49:49 PM Valid |   191/419  | loss:    9.8586 | fps: 2946.2874 | acc:    0.0000   
03/13/2020 07:49:49 PM Valid |   192/419  | loss:    9.8585 | fps: 2946.9646 | acc:    0.0000   
03/13/2020 07:49:49 PM Valid |   193/419  | loss:    9.8588 | fps: 2947.0767 | acc:    0.0000   
03/13/2020 07:49:49 PM Valid |   194/419  | loss:    9.8588 | fps: 2946.5535 | acc:    0.0000   
03/13/2020 07:49:49 PM Valid |   195/419  | loss:    9.8594 | fps: 2946.4382 | acc:    0.0000   
03/13/2020 07:49:49 PM Valid |   196/419  | loss:    9.8593 | fps: 2945.7720 | acc:    0.0000   
03/13/2020 07:49:49 PM Valid |   197/419  | loss:    9.8595 | fps: 2944.9849 | acc:    0.0000   
03/13/2020 07:49:49 PM Valid |   198/419  | loss:    9.8596 | fps: 2945.3154 | acc:    0.0000   
03/13/2020 07:49:49 PM Valid |   199/419  | loss:    9.8594 | fps: 2946.1125 | acc:    0.0000   
03/13/2020 07:49:49 PM Valid |   200/419  | loss:    9.8596 | fps: 2944.8518 | acc:    0.0000   
03/13/2020 07:49:49 PM Valid |   201/419  | loss:    9.8595 | fps: 2946.6411 | acc:    0.0000   
03/13/2020 07:49:49 PM Valid |   202/419  | loss:    9.8595 | fps: 2946.9170 | acc:    0.0000   
03/13/2020 07:49:49 PM Valid |   203/419  | loss:    9.8595 | fps: 2947.3486 | acc:    0.0000   
03/13/2020 07:49:49 PM Valid |   204/419  | loss:    9.8592 | fps: 2946.7844 | acc:    0.0000   
03/13/2020 07:49:50 PM Valid |   205/419  | loss:    9.8588 | fps: 2947.0342 | acc:    0.0000   
03/13/2020 07:49:50 PM Valid |   206/419  | loss:    9.8588 | fps: 2947.2729 | acc:    0.0000   
03/13/2020 07:49:50 PM Valid |   207/419  | loss:    9.8588 | fps: 2947.6848 | acc:    0.0000   
03/13/2020 07:49:50 PM Valid |   208/419  | loss:    9.8588 | fps: 2947.6135 | acc:    0.0000   
03/13/2020 07:49:50 PM Valid |   209/419  | loss:    9.8589 | fps: 2947.7168 | acc:    0.0000   
03/13/2020 07:49:50 PM Valid |   210/419  | loss:    9.8592 | fps: 2947.5391 | acc:    0.0000   
03/13/2020 07:49:50 PM Valid |   211/419  | loss:    9.8589 | fps: 2947.1750 | acc:    0.0000   
03/13/2020 07:49:50 PM Valid |   212/419  | loss:    9.8589 | fps: 2946.7957 | acc:    0.0000   
03/13/2020 07:49:50 PM Valid |   213/419  | loss:    9.8589 | fps: 2947.1028 | acc:    0.0000   
03/13/2020 07:49:50 PM Valid |   214/419  | loss:    9.8588 | fps: 2947.4922 | acc:    0.0000   
03/13/2020 07:49:50 PM Valid |   215/419  | loss:    9.8590 | fps: 2947.7844 | acc:    0.0000   
03/13/2020 07:49:50 PM Valid |   216/419  | loss:    9.8591 | fps: 2947.7676 | acc:    0.0000   
03/13/2020 07:49:50 PM Valid |   217/419  | loss:    9.8596 | fps: 2947.5422 | acc:    0.0000   
03/13/2020 07:49:50 PM Valid |   218/419  | loss:    9.8598 | fps: 2947.9709 | acc:    0.0000   
03/13/2020 07:49:50 PM Valid |   219/419  | loss:    9.8599 | fps: 2947.7061 | acc:    0.0000   
03/13/2020 07:49:51 PM Valid |   220/419  | loss:    9.8598 | fps: 2947.4497 | acc:    0.0000   
03/13/2020 07:49:51 PM Valid |   221/419  | loss:    9.8599 | fps: 2947.7190 | acc:    0.0000   
03/13/2020 07:49:51 PM Valid |   222/419  | loss:    9.8595 | fps: 2947.9331 | acc:    0.0000   
03/13/2020 07:49:51 PM Valid |   223/419  | loss:    9.8594 | fps: 2948.2744 | acc:    0.0000   
03/13/2020 07:49:51 PM Valid |   224/419  | loss:    9.8592 | fps: 2948.1797 | acc:    0.0000   
03/13/2020 07:49:51 PM Valid |   225/419  | loss:    9.8593 | fps: 2947.7073 | acc:    0.0000   
03/13/2020 07:49:51 PM Valid |   226/419  | loss:    9.8593 | fps: 2947.6724 | acc:    0.0000   
03/13/2020 07:49:51 PM Valid |   227/419  | loss:    9.8591 | fps: 2947.7073 | acc:    0.0000   
03/13/2020 07:49:51 PM Valid |   228/419  | loss:    9.8591 | fps: 2946.7908 | acc:    0.0000   
03/13/2020 07:49:51 PM Valid |   229/419  | loss:    9.8588 | fps: 2947.6199 | acc:    0.0000   
03/13/2020 07:49:51 PM Valid |   230/419  | loss:    9.8590 | fps: 2947.8982 | acc:    0.0000   
03/13/2020 07:49:51 PM Valid |   231/419  | loss:    9.8589 | fps: 2948.2766 | acc:    0.0000   
03/13/2020 07:49:51 PM Valid |   232/419  | loss:    9.8589 | fps: 2948.4348 | acc:    0.0000   
03/13/2020 07:49:51 PM Valid |   233/419  | loss:    9.8591 | fps: 2948.4521 | acc:    0.0000   
03/13/2020 07:49:52 PM Valid |   234/419  | loss:    9.8592 | fps: 2948.5537 | acc:    0.0000   
03/13/2020 07:49:52 PM Valid |   235/419  | loss:    9.8594 | fps: 2948.6252 | acc:    0.0000   
03/13/2020 07:49:52 PM Valid |   236/419  | loss:    9.8594 | fps: 2947.5134 | acc:    0.0000   
03/13/2020 07:49:52 PM Valid |   237/419  | loss:    9.8595 | fps: 2948.4636 | acc:    0.0000   
03/13/2020 07:49:52 PM Valid |   238/419  | loss:    9.8596 | fps: 2948.7617 | acc:    0.0000   
03/13/2020 07:49:52 PM Valid |   239/419  | loss:    9.8596 | fps: 2948.6384 | acc:    0.0000   
03/13/2020 07:49:52 PM Valid |   240/419  | loss:    9.8597 | fps: 2947.7610 | acc:    0.0000   
03/13/2020 07:49:52 PM Valid |   241/419  | loss:    9.8598 | fps: 2948.0081 | acc:    0.0000   
03/13/2020 07:49:52 PM Valid |   242/419  | loss:    9.8601 | fps: 2948.4380 | acc:    0.0000   
03/13/2020 07:49:52 PM Valid |   243/419  | loss:    9.8604 | fps: 2948.1184 | acc:    0.0000   
03/13/2020 07:49:52 PM Valid |   244/419  | loss:    9.8603 | fps: 2948.0095 | acc:    0.0000   
03/13/2020 07:49:52 PM Valid |   245/419  | loss:    9.8603 | fps: 2947.4673 | acc:    0.0000   
03/13/2020 07:49:52 PM Valid |   246/419  | loss:    9.8602 | fps: 2948.7935 | acc:    0.0000   
03/13/2020 07:49:52 PM Valid |   247/419  | loss:    9.8600 | fps: 2948.5662 | acc:    0.0000   
03/13/2020 07:49:52 PM Valid |   248/419  | loss:    9.8600 | fps: 2948.9365 | acc:    0.0000   
03/13/2020 07:49:53 PM Valid |   249/419  | loss:    9.8598 | fps: 2949.2261 | acc:    0.0000   
03/13/2020 07:49:53 PM Valid |   250/419  | loss:    9.8599 | fps: 2949.2666 | acc:    0.0000   
03/13/2020 07:49:53 PM Valid |   251/419  | loss:    9.8598 | fps: 2949.0942 | acc:    0.0000   
03/13/2020 07:49:53 PM Valid |   252/419  | loss:    9.8599 | fps: 2948.8623 | acc:    0.0000   
03/13/2020 07:49:53 PM Valid |   253/419  | loss:    9.8598 | fps: 2949.3059 | acc:    0.0000   
03/13/2020 07:49:53 PM Valid |   254/419  | loss:    9.8598 | fps: 2949.6033 | acc:    0.0000   
03/13/2020 07:49:53 PM Valid |   255/419  | loss:    9.8600 | fps: 2948.3557 | acc:    0.0000   
03/13/2020 07:49:53 PM Valid |   256/419  | loss:    9.8601 | fps: 2948.4253 | acc:    0.0000   
03/13/2020 07:49:53 PM Valid |   257/419  | loss:    9.8602 | fps: 2948.7114 | acc:    0.0000   
03/13/2020 07:49:53 PM Valid |   258/419  | loss:    9.8601 | fps: 2948.7385 | acc:    0.0000   
03/13/2020 07:49:53 PM Valid |   259/419  | loss:    9.8602 | fps: 2948.7874 | acc:    0.0000   
03/13/2020 07:49:53 PM Valid |   260/419  | loss:    9.8604 | fps: 2948.6072 | acc:    0.0000   
03/13/2020 07:49:53 PM Valid |   261/419  | loss:    9.8603 | fps: 2948.8474 | acc:    0.0000   
03/13/2020 07:49:53 PM Valid |   262/419  | loss:    9.8598 | fps: 2948.9998 | acc:    0.0000   
03/13/2020 07:49:53 PM Valid |   263/419  | loss:    9.8598 | fps: 2949.1685 | acc:    0.0000   
03/13/2020 07:49:54 PM Valid |   264/419  | loss:    9.8599 | fps: 2948.8831 | acc:    0.0000   
03/13/2020 07:49:54 PM Valid |   265/419  | loss:    9.8601 | fps: 2949.0981 | acc:    0.0000   
03/13/2020 07:49:54 PM Valid |   266/419  | loss:    9.8602 | fps: 2949.4456 | acc:    0.0000   
03/13/2020 07:49:54 PM Valid |   267/419  | loss:    9.8602 | fps: 2949.2935 | acc:    0.0000   
03/13/2020 07:49:54 PM Valid |   268/419  | loss:    9.8603 | fps: 2949.1631 | acc:    0.0000   
03/13/2020 07:49:54 PM Valid |   269/419  | loss:    9.8605 | fps: 2948.8228 | acc:    0.0000   
03/13/2020 07:49:54 PM Valid |   270/419  | loss:    9.8607 | fps: 2948.1128 | acc:    0.0000   
03/13/2020 07:49:54 PM Valid |   271/419  | loss:    9.8605 | fps: 2948.5217 | acc:    0.0000   
03/13/2020 07:49:54 PM Valid |   272/419  | loss:    9.8605 | fps: 2948.7168 | acc:    0.0000   
03/13/2020 07:49:54 PM Valid |   273/419  | loss:    9.8606 | fps: 2948.6824 | acc:    0.0000   
03/13/2020 07:49:54 PM Valid |   274/419  | loss:    9.8606 | fps: 2948.4612 | acc:    0.0000   
03/13/2020 07:49:54 PM Valid |   275/419  | loss:    9.8606 | fps: 2948.5378 | acc:    0.0000   
03/13/2020 07:49:54 PM Valid |   276/419  | loss:    9.8605 | fps: 2948.3489 | acc:    0.0000   
03/13/2020 07:49:54 PM Valid |   277/419  | loss:    9.8607 | fps: 2948.7329 | acc:    0.0000   
03/13/2020 07:49:54 PM Valid |   278/419  | loss:    9.8606 | fps: 2948.6587 | acc:    0.0000   
03/13/2020 07:49:55 PM Valid |   279/419  | loss:    9.8605 | fps: 2948.8523 | acc:    0.0000   
03/13/2020 07:49:55 PM Valid |   280/419  | loss:    9.8607 | fps: 2948.8811 | acc:    0.0000   
03/13/2020 07:49:55 PM Valid |   281/419  | loss:    9.8607 | fps: 2949.0962 | acc:    0.0000   
03/13/2020 07:49:55 PM Valid |   282/419  | loss:    9.8608 | fps: 2948.7605 | acc:    0.0000   
03/13/2020 07:49:55 PM Valid |   283/419  | loss:    9.8609 | fps: 2949.1423 | acc:    0.0000   
03/13/2020 07:49:55 PM Valid |   284/419  | loss:    9.8609 | fps: 2948.8491 | acc:    0.0000   
03/13/2020 07:49:55 PM Valid |   285/419  | loss:    9.8609 | fps: 2948.3635 | acc:    0.0000   
03/13/2020 07:49:55 PM Valid |   286/419  | loss:    9.8610 | fps: 2948.6953 | acc:    0.0000   
03/13/2020 07:49:55 PM Valid |   287/419  | loss:    9.8610 | fps: 2948.7883 | acc:    0.0000   
03/13/2020 07:49:55 PM Valid |   288/419  | loss:    9.8609 | fps: 2948.5457 | acc:    0.0000   
03/13/2020 07:49:55 PM Valid |   289/419  | loss:    9.8611 | fps: 2948.6826 | acc:    0.0000   
03/13/2020 07:49:55 PM Valid |   290/419  | loss:    9.8610 | fps: 2948.8677 | acc:    0.0000   
03/13/2020 07:49:55 PM Valid |   291/419  | loss:    9.8608 | fps: 2948.8950 | acc:    0.0000   
03/13/2020 07:49:55 PM Valid |   292/419  | loss:    9.8609 | fps: 2948.6843 | acc:    0.0000   
03/13/2020 07:49:56 PM Valid |   293/419  | loss:    9.8606 | fps: 2948.1631 | acc:    0.0000   
03/13/2020 07:49:56 PM Valid |   294/419  | loss:    9.8607 | fps: 2948.6294 | acc:    0.0000   
03/13/2020 07:49:56 PM Valid |   295/419  | loss:    9.8607 | fps: 2948.8486 | acc:    0.0000   
03/13/2020 07:49:56 PM Valid |   296/419  | loss:    9.8606 | fps: 2948.9624 | acc:    0.0000   
03/13/2020 07:49:56 PM Valid |   297/419  | loss:    9.8608 | fps: 2949.0295 | acc:    0.0000   
03/13/2020 07:49:56 PM Valid |   298/419  | loss:    9.8609 | fps: 2949.3745 | acc:    0.0000   
03/13/2020 07:49:56 PM Valid |   299/419  | loss:    9.8610 | fps: 2949.0679 | acc:    0.0000   
03/13/2020 07:49:56 PM Valid |   300/419  | loss:    9.8610 | fps: 2948.4822 | acc:    0.0000   
03/13/2020 07:49:56 PM Valid |   301/419  | loss:    9.8610 | fps: 2948.4055 | acc:    0.0000   
03/13/2020 07:49:56 PM Valid |   302/419  | loss:    9.8612 | fps: 2948.4895 | acc:    0.0000   
03/13/2020 07:49:56 PM Valid |   303/419  | loss:    9.8612 | fps: 2948.9622 | acc:    0.0000   
03/13/2020 07:49:56 PM Valid |   304/419  | loss:    9.8611 | fps: 2948.3406 | acc:    0.0000   
03/13/2020 07:49:56 PM Valid |   305/419  | loss:    9.8609 | fps: 2948.5891 | acc:    0.0000   
03/13/2020 07:49:56 PM Valid |   306/419  | loss:    9.8609 | fps: 2948.8245 | acc:    0.0000   
03/13/2020 07:49:56 PM Valid |   307/419  | loss:    9.8609 | fps: 2948.7102 | acc:    0.0000   
03/13/2020 07:49:57 PM Valid |   308/419  | loss:    9.8611 | fps: 2948.5420 | acc:    0.0000   
03/13/2020 07:49:57 PM Valid |   309/419  | loss:    9.8610 | fps: 2948.7722 | acc:    0.0000   
03/13/2020 07:49:57 PM Valid |   310/419  | loss:    9.8610 | fps: 2948.8918 | acc:    0.0000   
03/13/2020 07:49:57 PM Valid |   311/419  | loss:    9.8610 | fps: 2949.0483 | acc:    0.0000   
03/13/2020 07:49:57 PM Valid |   312/419  | loss:    9.8606 | fps: 2949.4973 | acc:    0.0000   
03/13/2020 07:49:57 PM Valid |   313/419  | loss:    9.8608 | fps: 2949.5266 | acc:    0.0000   
03/13/2020 07:49:57 PM Valid |   314/419  | loss:    9.8606 | fps: 2949.8005 | acc:    0.0000   
03/13/2020 07:49:57 PM Valid |   315/419  | loss:    9.8605 | fps: 2949.5159 | acc:    0.0000   
03/13/2020 07:49:57 PM Valid |   316/419  | loss:    9.8604 | fps: 2949.2437 | acc:    0.0000   
03/13/2020 07:49:57 PM Valid |   317/419  | loss:    9.8605 | fps: 2949.2361 | acc:    0.0000   
03/13/2020 07:49:57 PM Valid |   318/419  | loss:    9.8604 | fps: 2949.3811 | acc:    0.0000   
03/13/2020 07:49:57 PM Valid |   319/419  | loss:    9.8604 | fps: 2949.5918 | acc:    0.0000   
03/13/2020 07:49:57 PM Valid |   320/419  | loss:    9.8603 | fps: 2949.6426 | acc:    0.0000   
03/13/2020 07:49:57 PM Valid |   321/419  | loss:    9.8602 | fps: 2949.6687 | acc:    0.0000   
03/13/2020 07:49:57 PM Valid |   322/419  | loss:    9.8602 | fps: 2949.4370 | acc:    0.0000   
03/13/2020 07:49:58 PM Valid |   323/419  | loss:    9.8603 | fps: 2949.5825 | acc:    0.0000   
03/13/2020 07:49:58 PM Valid |   324/419  | loss:    9.8603 | fps: 2949.3298 | acc:    0.0000   
03/13/2020 07:49:58 PM Valid |   325/419  | loss:    9.8605 | fps: 2949.1414 | acc:    0.0000   
03/13/2020 07:49:58 PM Valid |   326/419  | loss:    9.8603 | fps: 2949.2603 | acc:    0.0000   
03/13/2020 07:49:58 PM Valid |   327/419  | loss:    9.8603 | fps: 2949.7261 | acc:    0.0000   
03/13/2020 07:49:58 PM Valid |   328/419  | loss:    9.8605 | fps: 2949.9033 | acc:    0.0000   
03/13/2020 07:49:58 PM Valid |   329/419  | loss:    9.8605 | fps: 2950.0056 | acc:    0.0000   
03/13/2020 07:49:58 PM Valid |   330/419  | loss:    9.8603 | fps: 2949.5630 | acc:    0.0000   
03/13/2020 07:49:58 PM Valid |   331/419  | loss:    9.8601 | fps: 2949.9614 | acc:    0.0000   
03/13/2020 07:49:58 PM Valid |   332/419  | loss:    9.8601 | fps: 2949.6765 | acc:    0.0000   
03/13/2020 07:49:58 PM Valid |   333/419  | loss:    9.8601 | fps: 2949.4456 | acc:    0.0000   
03/13/2020 07:49:58 PM Valid |   334/419  | loss:    9.8601 | fps: 2949.7578 | acc:    0.0000   
03/13/2020 07:49:58 PM Valid |   335/419  | loss:    9.8600 | fps: 2950.1572 | acc:    0.0000   
03/13/2020 07:49:58 PM Valid |   336/419  | loss:    9.8599 | fps: 2950.2476 | acc:    0.0000   
03/13/2020 07:49:58 PM Valid |   337/419  | loss:    9.8599 | fps: 2949.9202 | acc:    0.0000   
03/13/2020 07:49:59 PM Valid |   338/419  | loss:    9.8600 | fps: 2949.7344 | acc:    0.0000   
03/13/2020 07:49:59 PM Valid |   339/419  | loss:    9.8599 | fps: 2949.4797 | acc:    0.0000   
03/13/2020 07:49:59 PM Valid |   340/419  | loss:    9.8598 | fps: 2949.6521 | acc:    0.0000   
03/13/2020 07:49:59 PM Valid |   341/419  | loss:    9.8599 | fps: 2948.7170 | acc:    0.0000   
03/13/2020 07:49:59 PM Valid |   342/419  | loss:    9.8598 | fps: 2949.3127 | acc:    0.0000   
03/13/2020 07:49:59 PM Valid |   343/419  | loss:    9.8599 | fps: 2949.4099 | acc:    0.0000   
03/13/2020 07:49:59 PM Valid |   344/419  | loss:    9.8600 | fps: 2950.1675 | acc:    0.0000   
03/13/2020 07:49:59 PM Valid |   345/419  | loss:    9.8602 | fps: 2949.8408 | acc:    0.0000   
03/13/2020 07:49:59 PM Valid |   346/419  | loss:    9.8601 | fps: 2950.2017 | acc:    0.0000   
03/13/2020 07:49:59 PM Valid |   347/419  | loss:    9.8601 | fps: 2950.1853 | acc:    0.0000   
03/13/2020 07:49:59 PM Valid |   348/419  | loss:    9.8601 | fps: 2949.9810 | acc:    0.0000   
03/13/2020 07:49:59 PM Valid |   349/419  | loss:    9.8602 | fps: 2949.2617 | acc:    0.0000   
03/13/2020 07:49:59 PM Valid |   350/419  | loss:    9.8602 | fps: 2949.3015 | acc:    0.0000   
03/13/2020 07:49:59 PM Valid |   351/419  | loss:    9.8603 | fps: 2949.7202 | acc:    0.0000   
03/13/2020 07:50:00 PM Valid |   352/419  | loss:    9.8602 | fps: 2949.7053 | acc:    0.0000   
03/13/2020 07:50:00 PM Valid |   353/419  | loss:    9.8602 | fps: 2949.4055 | acc:    0.0000   
03/13/2020 07:50:00 PM Valid |   354/419  | loss:    9.8602 | fps: 2949.5591 | acc:    0.0000   
03/13/2020 07:50:00 PM Valid |   355/419  | loss:    9.8602 | fps: 2948.8835 | acc:    0.0000   
03/13/2020 07:50:00 PM Valid |   356/419  | loss:    9.8603 | fps: 2948.9944 | acc:    0.0000   
03/13/2020 07:50:00 PM Valid |   357/419  | loss:    9.8605 | fps: 2949.0300 | acc:    0.0000   
03/13/2020 07:50:00 PM Valid |   358/419  | loss:    9.8605 | fps: 2948.6892 | acc:    0.0000   
03/13/2020 07:50:00 PM Valid |   359/419  | loss:    9.8605 | fps: 2948.2891 | acc:    0.0000   
03/13/2020 07:50:00 PM Valid |   360/419  | loss:    9.8605 | fps: 2948.7678 | acc:    0.0000   
03/13/2020 07:50:00 PM Valid |   361/419  | loss:    9.8606 | fps: 2948.9934 | acc:    0.0000   
03/13/2020 07:50:00 PM Valid |   362/419  | loss:    9.8606 | fps: 2948.3843 | acc:    0.0000   
03/13/2020 07:50:00 PM Valid |   363/419  | loss:    9.8606 | fps: 2948.9666 | acc:    0.0000   
03/13/2020 07:50:00 PM Valid |   364/419  | loss:    9.8605 | fps: 2948.0720 | acc:    0.0000   
03/13/2020 07:50:00 PM Valid |   365/419  | loss:    9.8605 | fps: 2947.6826 | acc:    0.0000   
03/13/2020 07:50:00 PM Valid |   366/419  | loss:    9.8605 | fps: 2947.9980 | acc:    0.0000   
03/13/2020 07:50:01 PM Valid |   367/419  | loss:    9.8605 | fps: 2947.8362 | acc:    0.0000   
03/13/2020 07:50:01 PM Valid |   368/419  | loss:    9.8605 | fps: 2947.7249 | acc:    0.0000   
03/13/2020 07:50:01 PM Valid |   369/419  | loss:    9.8605 | fps: 2947.9998 | acc:    0.0000   
03/13/2020 07:50:01 PM Valid |   370/419  | loss:    9.8605 | fps: 2947.9285 | acc:    0.0000   
03/13/2020 07:50:01 PM Valid |   371/419  | loss:    9.8606 | fps: 2946.4492 | acc:    0.0000   
03/13/2020 07:50:01 PM Valid |   372/419  | loss:    9.8607 | fps: 2948.0991 | acc:    0.0000   
03/13/2020 07:50:01 PM Valid |   373/419  | loss:    9.8607 | fps: 2947.9551 | acc:    0.0000   
03/13/2020 07:50:01 PM Valid |   374/419  | loss:    9.8607 | fps: 2947.7275 | acc:    0.0000   
03/13/2020 07:50:01 PM Valid |   375/419  | loss:    9.8608 | fps: 2947.7749 | acc:    0.0000   
03/13/2020 07:50:01 PM Valid |   376/419  | loss:    9.8608 | fps: 2948.0347 | acc:    0.0000   
03/13/2020 07:50:01 PM Valid |   377/419  | loss:    9.8609 | fps: 2948.0232 | acc:    0.0000   
03/13/2020 07:50:01 PM Valid |   378/419  | loss:    9.8609 | fps: 2948.2451 | acc:    0.0000   
03/13/2020 07:50:01 PM Valid |   379/419  | loss:    9.8609 | fps: 2948.2847 | acc:    0.0000   
03/13/2020 07:50:01 PM Valid |   380/419  | loss:    9.8609 | fps: 2947.8796 | acc:    0.0000   
03/13/2020 07:50:02 PM Valid |   381/419  | loss:    9.8607 | fps: 2947.9075 | acc:    0.0000   
03/13/2020 07:50:02 PM Valid |   382/419  | loss:    9.8609 | fps: 2947.0320 | acc:    0.0000   
03/13/2020 07:50:02 PM Valid |   383/419  | loss:    9.8609 | fps: 2948.3108 | acc:    0.0000   
03/13/2020 07:50:02 PM Valid |   384/419  | loss:    9.8608 | fps: 2948.2822 | acc:    0.0000   
03/13/2020 07:50:02 PM Valid |   385/419  | loss:    9.8607 | fps: 2948.4529 | acc:    0.0000   
03/13/2020 07:50:02 PM Valid |   386/419  | loss:    9.8609 | fps: 2948.5200 | acc:    0.0000   
03/13/2020 07:50:02 PM Valid |   387/419  | loss:    9.8609 | fps: 2948.5054 | acc:    0.0000   
03/13/2020 07:50:02 PM Valid |   388/419  | loss:    9.8609 | fps: 2948.1001 | acc:    0.0000   
03/13/2020 07:50:02 PM Valid |   389/419  | loss:    9.8609 | fps: 2947.6331 | acc:    0.0000   
03/13/2020 07:50:02 PM Valid |   390/419  | loss:    9.8613 | fps: 2947.7744 | acc:    0.0000   
03/13/2020 07:50:02 PM Valid |   391/419  | loss:    9.8612 | fps: 2948.1003 | acc:    0.0000   
03/13/2020 07:50:02 PM Valid |   392/419  | loss:    9.8613 | fps: 2948.1013 | acc:    0.0000   
03/13/2020 07:50:02 PM Valid |   393/419  | loss:    9.8612 | fps: 2948.4377 | acc:    0.0000   
03/13/2020 07:50:02 PM Valid |   394/419  | loss:    9.8611 | fps: 2948.5413 | acc:    0.0000   
03/13/2020 07:50:02 PM Valid |   395/419  | loss:    9.8610 | fps: 2948.3230 | acc:    0.0000   
03/13/2020 07:50:03 PM Valid |   396/419  | loss:    9.8610 | fps: 2947.8943 | acc:    0.0000   
03/13/2020 07:50:03 PM Valid |   397/419  | loss:    9.8610 | fps: 2947.4380 | acc:    0.0000   
03/13/2020 07:50:03 PM Valid |   398/419  | loss:    9.8610 | fps: 2948.0208 | acc:    0.0000   
03/13/2020 07:50:03 PM Valid |   399/419  | loss:    9.8610 | fps: 2948.1084 | acc:    0.0000   
03/13/2020 07:50:03 PM Valid |   400/419  | loss:    9.8610 | fps: 2948.0413 | acc:    0.0000   
03/13/2020 07:50:03 PM Valid |   401/419  | loss:    9.8611 | fps: 2947.8115 | acc:    0.0000   
03/13/2020 07:50:03 PM Valid |   402/419  | loss:    9.8611 | fps: 2947.9888 | acc:    0.0000   
03/13/2020 07:50:03 PM Valid |   403/419  | loss:    9.8610 | fps: 2947.4314 | acc:    0.0000   
03/13/2020 07:50:03 PM Valid |   404/419  | loss:    9.8611 | fps: 2947.3857 | acc:    0.0000   
03/13/2020 07:50:03 PM Valid |   405/419  | loss:    9.8609 | fps: 2948.2231 | acc:    0.0000   
03/13/2020 07:50:03 PM Valid |   406/419  | loss:    9.8609 | fps: 2948.8474 | acc:    0.0000   
03/13/2020 07:50:03 PM Valid |   407/419  | loss:    9.8611 | fps: 2949.4504 | acc:    0.0000   
03/13/2020 07:50:03 PM Valid |   408/419  | loss:    9.8611 | fps: 2949.5686 | acc:    0.0000   
03/13/2020 07:50:03 PM Valid |   409/419  | loss:    9.8610 | fps: 2950.1553 | acc:    0.0000   
03/13/2020 07:50:03 PM Valid |   410/419  | loss:    9.8612 | fps: 2950.7112 | acc:    0.0000   
03/13/2020 07:50:04 PM Valid |   411/419  | loss:    9.8611 | fps: 2950.7178 | acc:    0.0000   
03/13/2020 07:50:04 PM Valid |   412/419  | loss:    9.8612 | fps: 2950.4512 | acc:    0.0000   
03/13/2020 07:50:04 PM Valid |   413/419  | loss:    9.8612 | fps: 2951.5420 | acc:    0.0000   
03/13/2020 07:50:04 PM Valid |   414/419  | loss:    9.8611 | fps: 2952.1519 | acc:    0.0000   
03/13/2020 07:50:04 PM Valid |   415/419  | loss:    9.8611 | fps: 2952.3787 | acc:    0.0000   
03/13/2020 07:50:04 PM Valid |   416/419  | loss:    9.8611 | fps: 2951.9124 | acc:    0.0000   
03/13/2020 07:50:04 PM Valid |   417/419  | loss:    9.8611 | fps: 2952.2397 | acc:    0.0000   
03/13/2020 07:50:04 PM Valid |   418/419  | loss:    9.8611 | fps: 2953.1167 | acc:    0.0000   
03/13/2020 07:50:04 PM Valid |   419/419  | loss:    9.8608 | fps: 2947.3398 | acc:    0.0000   
03/13/2020 07:50:04 PM Start training
03/13/2020 07:50:04 PM Epoch 1/3
03/13/2020 07:50:04 PM Training
03/13/2020 07:50:05 PM Train |     1/1673 | loss:    9.8829 | fps:  225.0985 | acc:    0.0000   
03/13/2020 07:50:05 PM Train |     2/1673 | loss:    9.8814 | fps:  457.6232 | acc:    0.0025   
03/13/2020 07:50:05 PM Train |     3/1673 | loss:    9.8269 | fps:  542.3210 | acc:    0.0017   
03/13/2020 07:50:06 PM Train |     4/1673 | loss:    9.8202 | fps:  584.4465 | acc:    0.0012   
03/13/2020 07:50:06 PM Train |     5/1673 | loss:    9.8000 | fps:  607.6721 | acc:    0.0010   
03/13/2020 07:50:06 PM Train |     6/1673 | loss:    9.7831 | fps:  625.4782 | acc:    0.0008   
03/13/2020 07:50:07 PM Train |     7/1673 | loss:    9.7669 | fps:  635.5563 | acc:    0.0014   
03/13/2020 07:50:07 PM Train |     8/1673 | loss:    9.7572 | fps:  643.7834 | acc:    0.0012   
03/13/2020 07:50:07 PM Train |     9/1673 | loss:    9.7468 | fps:  649.0052 | acc:    0.0017   
03/13/2020 07:50:07 PM Train |    10/1673 | loss:    9.7442 | fps:  655.2782 | acc:    0.0015   
03/13/2020 07:50:08 PM Train |    11/1673 | loss:    9.7383 | fps:  659.6716 | acc:    0.0014   
03/13/2020 07:50:08 PM Train |    12/1673 | loss:    9.7271 | fps:  663.1899 | acc:    0.0021   
03/13/2020 07:50:08 PM Train |    13/1673 | loss:    9.7223 | fps:  667.0326 | acc:    0.0023   
03/13/2020 07:50:09 PM Train |    14/1673 | loss:    9.7129 | fps:  669.4828 | acc:    0.0021   
03/13/2020 07:50:09 PM Train |    15/1673 | loss:    9.7089 | fps:  671.8984 | acc:    0.0020   
03/13/2020 07:50:09 PM Train |    16/1673 | loss:    9.7028 | fps:  673.3883 | acc:    0.0019   
03/13/2020 07:50:09 PM Train |    17/1673 | loss:    9.6937 | fps:  674.8317 | acc:    0.0018   
03/13/2020 07:50:10 PM Train |    18/1673 | loss:    9.6885 | fps:  676.9655 | acc:    0.0019   
03/13/2020 07:50:10 PM Train |    19/1673 | loss:    9.6797 | fps:  677.9764 | acc:    0.0018   
03/13/2020 07:50:10 PM Train |    20/1673 | loss:    9.6749 | fps:  679.4346 | acc:    0.0022   
03/13/2020 07:50:11 PM Train |    21/1673 | loss:    9.6651 | fps:  679.9722 | acc:    0.0021   
03/13/2020 07:50:11 PM Train |    22/1673 | loss:    9.6559 | fps:  681.1302 | acc:    0.0025   
03/13/2020 07:50:11 PM Train |    23/1673 | loss:    9.6465 | fps:  681.6942 | acc:    0.0026   
03/13/2020 07:50:11 PM Train |    24/1673 | loss:    9.6395 | fps:  682.6249 | acc:    0.0029   
03/13/2020 07:50:12 PM Train |    25/1673 | loss:    9.6311 | fps:  683.5931 | acc:    0.0030   
03/13/2020 07:50:12 PM Train |    26/1673 | loss:    9.6205 | fps:  684.3825 | acc:    0.0035   
03/13/2020 07:50:12 PM Train |    27/1673 | loss:    9.6143 | fps:  684.8320 | acc:    0.0033   
03/13/2020 07:50:13 PM Train |    28/1673 | loss:    9.6072 | fps:  685.6171 | acc:    0.0032   
03/13/2020 07:50:13 PM Train |    29/1673 | loss:    9.5967 | fps:  686.2591 | acc:    0.0033   
03/13/2020 07:50:13 PM Train |    30/1673 | loss:    9.5875 | fps:  686.7115 | acc:    0.0033   
03/13/2020 07:50:13 PM Train |    31/1673 | loss:    9.5798 | fps:  687.3127 | acc:    0.0032   
03/13/2020 07:50:14 PM Train |    32/1673 | loss:    9.5701 | fps:  687.6328 | acc:    0.0031   
03/13/2020 07:50:14 PM Train |    33/1673 | loss:    9.5643 | fps:  688.0088 | acc:    0.0033   
03/13/2020 07:50:14 PM Train |    34/1673 | loss:    9.5558 | fps:  688.3381 | acc:    0.0034   
03/13/2020 07:50:15 PM Train |    35/1673 | loss:    9.5466 | fps:  688.7726 | acc:    0.0033   
03/13/2020 07:50:15 PM Train |    36/1673 | loss:    9.5370 | fps:  689.3050 | acc:    0.0032   
03/13/2020 07:50:15 PM Train |    37/1673 | loss:    9.5301 | fps:  689.5712 | acc:    0.0031   
03/13/2020 07:50:15 PM Train |    38/1673 | loss:    9.5185 | fps:  690.0154 | acc:    0.0030   
03/13/2020 07:50:16 PM Train |    39/1673 | loss:    9.5071 | fps:  690.5878 | acc:    0.0032   
03/13/2020 07:50:16 PM Train |    40/1673 | loss:    9.4942 | fps:  690.9288 | acc:    0.0034   
03/13/2020 07:50:16 PM Train |    41/1673 | loss:    9.4857 | fps:  691.1113 | acc:    0.0034   
03/13/2020 07:50:17 PM Train |    42/1673 | loss:    9.4756 | fps:  691.3938 | acc:    0.0033   
03/13/2020 07:50:17 PM Train |    43/1673 | loss:    9.4661 | fps:  691.7922 | acc:    0.0036   
03/13/2020 07:50:17 PM Train |    44/1673 | loss:    9.4591 | fps:  691.7395 | acc:    0.0036   
03/13/2020 07:50:17 PM Train |    45/1673 | loss:    9.4493 | fps:  692.1090 | acc:    0.0036   
03/13/2020 07:50:18 PM Train |    46/1673 | loss:    9.4377 | fps:  692.3795 | acc:    0.0037   
03/13/2020 07:50:18 PM Train |    47/1673 | loss:    9.4268 | fps:  692.6398 | acc:    0.0038   
03/13/2020 07:50:18 PM Train |    48/1673 | loss:    9.4166 | fps:  692.8093 | acc:    0.0039   
03/13/2020 07:50:19 PM Train |    49/1673 | loss:    9.4055 | fps:  693.0409 | acc:    0.0040   
03/13/2020 07:50:19 PM Train |    50/1673 | loss:    9.3954 | fps:  693.2162 | acc:    0.0040   
03/13/2020 07:50:19 PM Train |    51/1673 | loss:    9.3842 | fps:  693.2921 | acc:    0.0040   
03/13/2020 07:50:19 PM Train |    52/1673 | loss:    9.3750 | fps:  693.5235 | acc:    0.0043   
03/13/2020 07:50:20 PM Train |    53/1673 | loss:    9.3658 | fps:  693.6608 | acc:    0.0043   
03/13/2020 07:50:20 PM Train |    54/1673 | loss:    9.3551 | fps:  693.8965 | acc:    0.0044   
03/13/2020 07:50:20 PM Train |    55/1673 | loss:    9.3493 | fps:  694.0426 | acc:    0.0044   
03/13/2020 07:50:21 PM Train |    56/1673 | loss:    9.3397 | fps:  694.2643 | acc:    0.0045   
03/13/2020 07:50:21 PM Train |    57/1673 | loss:    9.3285 | fps:  694.4056 | acc:    0.0046   
03/13/2020 07:50:21 PM Train |    58/1673 | loss:    9.3178 | fps:  694.4687 | acc:    0.0047   
03/13/2020 07:50:21 PM Train |    59/1673 | loss:    9.3085 | fps:  694.6790 | acc:    0.0047   
03/13/2020 07:50:22 PM Train |    60/1673 | loss:    9.2977 | fps:  694.6613 | acc:    0.0051   
03/13/2020 07:50:22 PM Train |    61/1673 | loss:    9.2865 | fps:  694.7616 | acc:    0.0052   
03/13/2020 07:50:22 PM Train |    62/1673 | loss:    9.2752 | fps:  694.7918 | acc:    0.0052   
03/13/2020 07:50:23 PM Train |    63/1673 | loss:    9.2662 | fps:  694.9399 | acc:    0.0053   
03/13/2020 07:50:23 PM Train |    64/1673 | loss:    9.2602 | fps:  695.2328 | acc:    0.0054   
03/13/2020 07:50:23 PM Train |    65/1673 | loss:    9.2525 | fps:  695.3791 | acc:    0.0055   
03/13/2020 07:50:23 PM Train |    66/1673 | loss:    9.2451 | fps:  695.3876 | acc:    0.0055   
03/13/2020 07:50:24 PM Train |    67/1673 | loss:    9.2365 | fps:  695.5030 | acc:    0.0055   
03/13/2020 07:50:24 PM Train |    68/1673 | loss:    9.2300 | fps:  695.4210 | acc:    0.0057   
03/13/2020 07:50:24 PM Train |    69/1673 | loss:    9.2220 | fps:  695.4315 | acc:    0.0057   
03/13/2020 07:50:25 PM Train |    70/1673 | loss:    9.2157 | fps:  695.5682 | acc:    0.0056   
03/13/2020 07:50:25 PM Train |    71/1673 | loss:    9.2071 | fps:  695.8474 | acc:    0.0058   
03/13/2020 07:50:25 PM Train |    72/1673 | loss:    9.2003 | fps:  695.9438 | acc:    0.0058   
03/13/2020 07:50:25 PM Train |    73/1673 | loss:    9.1939 | fps:  695.9946 | acc:    0.0058   
03/13/2020 07:50:26 PM Train |    74/1673 | loss:    9.1881 | fps:  696.1113 | acc:    0.0057   
03/13/2020 07:50:26 PM Train |    75/1673 | loss:    9.1820 | fps:  696.2474 | acc:    0.0057   
03/13/2020 07:50:26 PM Train |    76/1673 | loss:    9.1742 | fps:  696.3723 | acc:    0.0057   
03/13/2020 07:50:27 PM Train |    77/1673 | loss:    9.1675 | fps:  696.4677 | acc:    0.0056   
03/13/2020 07:50:27 PM Train |    78/1673 | loss:    9.1605 | fps:  696.6351 | acc:    0.0056   
03/13/2020 07:50:27 PM Train |    79/1673 | loss:    9.1498 | fps:  696.7946 | acc:    0.0056   
03/13/2020 07:50:27 PM Train |    80/1673 | loss:    9.1437 | fps:  696.7494 | acc:    0.0057   
03/13/2020 07:50:28 PM Train |    81/1673 | loss:    9.1346 | fps:  696.7694 | acc:    0.0057   
03/13/2020 07:50:28 PM Train |    82/1673 | loss:    9.1229 | fps:  696.8109 | acc:    0.0059   
03/13/2020 07:50:28 PM Train |    83/1673 | loss:    9.1143 | fps:  696.8148 | acc:    0.0059   
03/13/2020 07:50:29 PM Train |    84/1673 | loss:    9.1059 | fps:  696.8040 | acc:    0.0058   
03/13/2020 07:50:29 PM Train |    85/1673 | loss:    9.0986 | fps:  696.8260 | acc:    0.0058   
03/13/2020 07:50:29 PM Train |    86/1673 | loss:    9.0938 | fps:  696.8649 | acc:    0.0058   
03/13/2020 07:50:29 PM Train |    87/1673 | loss:    9.0850 | fps:  696.8170 | acc:    0.0058   
03/13/2020 07:50:30 PM Train |    88/1673 | loss:    9.0807 | fps:  696.8475 | acc:    0.0058   
03/13/2020 07:53:27 PM 
------------ Options -------------
data-dir: ../../datasets/CASIA-WebFace
batch_size: 200
epochs: 3
training_name: test
Opt: 1
Opt_level: O2
Cropping: 0
-------------- End ---------------
03/13/2020 07:53:33 PM Initial
03/13/2020 07:53:34 PM Valid |     1/419  | loss:    9.7651 | fps:   97.7057 | acc:    0.0000   
03/13/2020 07:53:41 PM Valid |   101/419  | loss:    9.8801 | fps: 2978.0586 | acc:    0.0000   
03/13/2020 07:53:48 PM Valid |   201/419  | loss:    9.8751 | fps: 2978.1843 | acc:    0.0000   
03/13/2020 07:53:55 PM Valid |   301/419  | loss:    9.8742 | fps: 2954.7903 | acc:    0.0000   
03/13/2020 07:54:02 PM Valid |   401/419  | loss:    9.8750 | fps: 2931.2729 | acc:    0.0000   
03/13/2020 07:54:03 PM Start training
03/13/2020 07:54:03 PM Epoch 1/3
03/13/2020 07:54:03 PM Training
03/13/2020 07:54:04 PM Train |     1/1673 | loss:    9.8206 | fps:  215.5889 | acc:    0.0000   
03/13/2020 07:54:25 PM 
------------ Options -------------
data-dir: ../../datasets/CASIA-WebFace
batch_size: 200
epochs: 3
training_name: test
Opt: 1
Opt_level: O2
Cropping: 0
-------------- End ---------------
03/13/2020 07:54:31 PM Initial
03/13/2020 07:54:32 PM Valid |     2/419  | loss:    9.8444 | fps: 1958.9423 | acc:    0.0000   
03/13/2020 07:54:39 PM Valid |   102/419  | loss:    9.8694 | fps: 2868.3916 | acc:    0.0007   
03/13/2020 07:54:46 PM Valid |   202/419  | loss:    9.8703 | fps: 2860.4778 | acc:    0.0005   
03/13/2020 07:54:48 PM 
------------ Options -------------
data-dir: ../../datasets/CASIA-WebFace
batch_size: 200
epochs: 3
training_name: test
Opt: 1
Opt_level: O2
Cropping: 0
-------------- End ---------------
03/13/2020 07:54:54 PM Initial
03/13/2020 07:55:25 PM Start training
03/13/2020 07:55:25 PM Epoch 1/3
03/13/2020 07:55:25 PM Training
03/13/2020 07:55:57 PM 
------------ Options -------------
data-dir: ../../datasets/CASIA-WebFace
batch_size: 200
epochs: 3
training_name: test
Opt: 1
Opt_level: O2
Cropping: 0
-------------- End ---------------
03/13/2020 07:56:03 PM Initial
03/13/2020 07:56:04 PM Valid |     1/419  | loss:    9.8912 | fps:  101.2017 | acc:    0.0000   
03/13/2020 07:56:11 PM Valid |   101/419  | loss:    9.8626 | fps: 2916.0974 | acc:    0.0001   
03/13/2020 07:56:35 PM 
------------ Options -------------
data-dir: ../../datasets/CASIA-WebFace
batch_size: 200
epochs: 3
training_name: test
Opt: 1
Opt_level: O2
Cropping: 0
-------------- End ---------------
03/13/2020 07:56:41 PM Initial
03/13/2020 07:57:10 PM Start training
03/13/2020 07:57:10 PM Epoch 1/3
03/13/2020 07:57:10 PM Training
03/13/2020 07:57:32 PM 
------------ Options -------------
data-dir: ../../datasets/CASIA-WebFace
batch_size: 200
epochs: 3
training_name: test
Opt: 1
Opt_level: O2
Cropping: 0
-------------- End ---------------
03/13/2020 07:57:38 PM Initial
03/13/2020 07:57:39 PM Valid |     1/419  | loss:    9.8877 | fps:   99.6592 | acc:    0.0000   
03/13/2020 07:57:46 PM Valid |   101/419  | loss:    9.8577 | fps: 2881.7546 | acc:    0.0000   
03/13/2020 07:58:20 PM 
------------ Options -------------
data-dir: ../../datasets/CASIA-WebFace
batch_size: 200
epochs: 3
training_name: test
Opt: 1
Opt_level: O2
Cropping: 0
-------------- End ---------------
03/13/2020 07:58:26 PM Initial
03/13/2020 07:58:27 PM Valid |     2/419  | loss:    9.7673 | fps: 1991.2783 | acc:    0.0000   
03/13/2020 07:58:34 PM Valid |   102/419  | loss:    9.8355 | fps: 2964.6887 | acc:    0.0001   
03/13/2020 07:58:40 PM Valid |   202/419  | loss:    9.8386 | fps: 2960.9028 | acc:    0.0001   
03/13/2020 07:59:08 PM 
------------ Options -------------
data-dir: ../../datasets/CASIA-WebFace
batch_size: 200
epochs: 3
training_name: test
Opt: 1
Opt_level: O2
Cropping: 0
-------------- End ---------------
03/13/2020 07:59:14 PM Initial
03/13/2020 07:59:15 PM Valid |     1/419  | loss:    9.8575 | fps:   98.9915 | acc:    0.0000   
03/13/2020 07:59:29 PM Valid |   201/419  | loss:    9.8547 | fps: 2966.1968 | acc:    0.0001   
03/13/2020 07:59:42 PM Valid |   401/419  | loss:    9.8544 | fps: 2971.8569 | acc:    0.0001   
03/13/2020 07:59:44 PM Start training
03/13/2020 07:59:44 PM Epoch 1/3
03/13/2020 07:59:44 PM Training
03/13/2020 07:59:44 PM Train |     1/1673 | loss:    9.8054 | fps:  220.2126 | acc:    0.0000   
03/13/2020 08:01:30 PM 
------------ Options -------------
data-dir: ../../datasets/CASIA-WebFace
batch_size: 200
epochs: 3
training_name: test
Opt: 1
Opt_level: O2
Cropping: 0
-------------- End ---------------
03/13/2020 08:01:36 PM Initial
03/13/2020 08:01:37 PM Valid |     1/419  | loss:    9.7740 | fps:   98.4958 | acc:    0.0000   
03/13/2020 08:02:06 PM Start training
03/13/2020 08:02:06 PM Epoch 1/3
03/13/2020 08:02:06 PM Training
03/13/2020 08:02:07 PM Train |     1/1673 | loss:    9.8093 | fps:  203.9248 | acc:    0.0000   
03/13/2020 08:04:11 PM 
------------ Options -------------
data-dir: ../../datasets/CASIA-WebFace
batch_size: 200
epochs: 3
training_name: test
Opt: 1
Opt_level: O2
Cropping: 0
-------------- End ---------------
03/13/2020 08:04:17 PM Initial
03/13/2020 08:04:18 PM Valid |     1/419  | loss:    9.9155 | fps:  100.9803 | acc:    0.0000   
03/13/2020 08:04:18 PM Valid |     5/419  | loss:    9.8691 | fps: 2558.7505 | acc:    0.0000   
03/13/2020 08:04:18 PM Valid |     9/419  | loss:    9.8649 | fps: 2740.6936 | acc:    0.0000   
03/13/2020 08:04:19 PM Valid |    13/419  | loss:    9.8511 | fps: 2801.6626 | acc:    0.0000   
03/13/2020 08:04:19 PM Valid |    17/419  | loss:    9.8505 | fps: 2833.9446 | acc:    0.0000   
03/13/2020 08:04:19 PM Valid |    21/419  | loss:    9.8445 | fps: 2849.0718 | acc:    0.0000   
03/13/2020 08:04:19 PM Valid |    25/419  | loss:    9.8523 | fps: 2868.5969 | acc:    0.0000   
03/13/2020 08:04:20 PM Valid |    29/419  | loss:    9.8477 | fps: 2882.9705 | acc:    0.0000   
03/13/2020 08:04:20 PM Valid |    33/419  | loss:    9.8520 | fps: 2903.7373 | acc:    0.0000   
03/13/2020 08:04:20 PM Valid |    37/419  | loss:    9.8496 | fps: 2901.4351 | acc:    0.0001   
03/13/2020 08:04:21 PM Valid |    41/419  | loss:    9.8454 | fps: 2915.8806 | acc:    0.0001   
03/13/2020 08:04:21 PM Valid |    45/419  | loss:    9.8451 | fps: 2921.6733 | acc:    0.0001   
03/13/2020 08:04:21 PM Valid |    49/419  | loss:    9.8443 | fps: 2918.8923 | acc:    0.0001   
03/13/2020 08:04:21 PM Valid |    53/419  | loss:    9.8435 | fps: 2913.9897 | acc:    0.0001   
03/13/2020 08:04:22 PM Valid |    57/419  | loss:    9.8442 | fps: 2915.2354 | acc:    0.0001   
03/13/2020 08:04:22 PM Valid |    61/419  | loss:    9.8433 | fps: 2922.2573 | acc:    0.0001   
03/13/2020 08:04:22 PM Valid |    65/419  | loss:    9.8451 | fps: 2925.6353 | acc:    0.0001   
03/13/2020 08:04:22 PM Valid |    69/419  | loss:    9.8462 | fps: 2926.8369 | acc:    0.0001   
03/13/2020 08:04:23 PM Valid |    73/419  | loss:    9.8465 | fps: 2929.8010 | acc:    0.0001   
03/13/2020 08:04:23 PM Valid |    77/419  | loss:    9.8454 | fps: 2931.8145 | acc:    0.0001   
03/13/2020 08:04:23 PM Valid |    81/419  | loss:    9.8461 | fps: 2936.7683 | acc:    0.0001   
03/13/2020 08:04:24 PM Valid |    85/419  | loss:    9.8453 | fps: 2934.0874 | acc:    0.0001   
03/13/2020 08:04:24 PM Valid |    89/419  | loss:    9.8450 | fps: 2932.3982 | acc:    0.0001   
03/13/2020 08:04:24 PM Valid |    93/419  | loss:    9.8449 | fps: 2937.4116 | acc:    0.0001   
03/13/2020 08:04:24 PM Valid |    97/419  | loss:    9.8440 | fps: 2937.3923 | acc:    0.0001   
03/13/2020 08:04:25 PM Valid |   101/419  | loss:    9.8455 | fps: 2937.1895 | acc:    0.0001   
03/13/2020 08:04:25 PM Valid |   105/419  | loss:    9.8439 | fps: 2942.5134 | acc:    0.0001   
03/13/2020 08:04:25 PM Valid |   109/419  | loss:    9.8450 | fps: 2943.9846 | acc:    0.0001   
03/13/2020 08:04:25 PM Valid |   113/419  | loss:    9.8455 | fps: 2939.7546 | acc:    0.0001   
03/13/2020 08:04:26 PM Valid |   117/419  | loss:    9.8459 | fps: 2938.9951 | acc:    0.0001   
03/13/2020 08:04:26 PM Valid |   121/419  | loss:    9.8469 | fps: 2934.8911 | acc:    0.0001   
03/13/2020 08:04:26 PM Valid |   125/419  | loss:    9.8473 | fps: 2931.0972 | acc:    0.0001   
03/13/2020 08:04:40 PM 
------------ Options -------------
data-dir: ../../datasets/CASIA-WebFace
batch_size: 200
epochs: 3
training_name: test
Opt: 1
Opt_level: O2
Cropping: 0
-------------- End ---------------
03/13/2020 08:04:46 PM Initial
03/13/2020 08:04:47 PM Valid |     1/419  | loss:    9.8608 | fps:  100.3262 | acc:    0.0000   
03/13/2020 08:04:54 PM 
------------ Options -------------
data-dir: ../../datasets/CASIA-WebFace
batch_size: 200
epochs: 3
training_name: test
Opt: 1
Opt_level: O2
Cropping: 0
-------------- End ---------------
03/13/2020 08:05:00 PM Initial
03/13/2020 08:05:01 PM Valid |     1/419  | loss:    9.8612 | fps:   98.8807 | acc:    0.0000   
03/13/2020 08:05:08 PM Valid |   105/419  | loss:    9.8434 | fps: 2970.4236 | acc:    0.0000   
03/13/2020 08:05:15 PM Valid |   209/419  | loss:    9.8463 | fps: 2983.0105 | acc:    0.0001   
03/13/2020 08:05:22 PM Valid |   313/419  | loss:    9.8465 | fps: 2976.4995 | acc:    0.0001   
03/13/2020 08:06:09 PM 
------------ Options -------------
data-dir: ../../datasets/CASIA-WebFace
batch_size: 200
epochs: 5
training_name: test
Opt: 1
Opt_level: O2
Cropping: 0
-------------- End ---------------
03/13/2020 08:06:15 PM Initial
03/13/2020 08:06:16 PM Valid |     1/419  | loss:    9.8988 | fps:   98.7708 | acc:    0.0000   
03/13/2020 08:06:23 PM Valid |   105/419  | loss:    9.8732 | fps: 2939.1399 | acc:    0.0000   
03/13/2020 08:06:30 PM Valid |   209/419  | loss:    9.8700 | fps: 2932.0781 | acc:    0.0000   
03/13/2020 08:06:37 PM Valid |   313/419  | loss:    9.8703 | fps: 2932.1499 | acc:    0.0000   
03/13/2020 08:06:44 PM Valid |   417/419  | loss:    9.8682 | fps: 2921.7153 | acc:    0.0000   
03/13/2020 08:06:44 PM Start training
03/13/2020 08:06:44 PM Epoch 1/5
03/13/2020 08:06:44 PM Training
03/13/2020 08:06:45 PM Train |     1/1673 | loss:    9.8405 | fps:  214.7482 | acc:    0.0000   
03/13/2020 08:08:44 PM Train |   419/1673 | loss:    7.8400 | fps:  705.8316 | acc:    0.0309   
